<?xml version="1.0" encoding="UTF-8"?>
<!-- Generated by org.testng.reporters.JUnitXMLReporter -->
<testsuite ignored="0" hostname="LAPTOP-A3FPIVKK" failures="0" tests="5" name="Surefire test" time="49.178" errors="0" timestamp="2023-08-14T14:45:22 IST">
  <testcase classname="govindqalab.tests.ErrorValidationsTest" name="LoginErrorValidation" time="1.196"/>
  <testcase classname="govindqalab.tests.ErrorValidationsTest" name="ProductErrorValidation" time="6.226"/>
  <testcase classname="govindqalab.tests.SubmitOrderTest" name="submitOrder" time="8.299"/>
  <testcase classname="govindqalab.tests.SubmitOrderTest" name="submitOrder" time="8.153"/>
  <testcase classname="govindqalab.tests.SubmitOrderTest" name="OrderHistoryTest" time="1.163"/>
</testsuite> <!-- Surefire test -->
