<?xml version="1.0" encoding="UTF-8"?>
<!-- Generated by org.testng.reporters.JUnitXMLReporter -->
<testsuite ignored="0" hostname="LAPTOP-A3FPIVKK" failures="0" tests="2" name="Error Validations Test" time="15.803" errors="0" timestamp="2023-08-14T13:50:37 IST">
  <testcase classname="govindqalab.tests.ErrorValidationsTest" name="LoginErrorValidation" time="0.522"/>
  <testcase classname="govindqalab.tests.ErrorValidationsTest" name="ProductErrorValidation" time="6.199"/>
</testsuite> <!-- Error Validations Test -->
