<?xml version="1.0" encoding="UTF-8"?>
<!-- Generated by org.testng.reporters.JUnitXMLReporter -->
<testsuite ignored="0" hostname="LAPTOP-A3FPIVKK" failures="0" tests="2" name="Filter Product Test" time="10.871" errors="0" timestamp="2023-08-14T13:50:48 IST">
  <testcase classname="govindqalab.tests.FilterProducts" name="SearchProductCatalouge" time="1.438"/>
  <testcase classname="govindqalab.tests.FilterProducts" name="SearchProductCatalouge" time="1.351"/>
</testsuite> <!-- Filter Product Test -->
