<?xml version="1.0" encoding="UTF-8"?>
<!-- Generated by org.testng.reporters.JUnitXMLReporter -->
<testsuite ignored="0" hostname="LAPTOP-A3FPIVKK" failures="0" tests="2" name="Remove Product from cart Test" time="20.708" errors="0" timestamp="2023-08-14T13:51:09 IST">
  <testcase classname="govindqalab.tests.RemoveProductFromCart" name="DeleteOrder" time="6.419"/>
  <testcase classname="govindqalab.tests.RemoveProductFromCart" name="DeleteOrder" time="6.41"/>
</testsuite> <!-- Remove Product from cart Test -->
