<?xml version="1.0" encoding="UTF-8"?>
<!-- Generated by org.testng.reporters.JUnitXMLReporter -->
<testsuite ignored="0" hostname="LAPTOP-A3FPIVKK" failures="0" tests="2" name="Search Product from Catalouge Test" time="12.455" errors="0" timestamp="2023-08-14T13:51:22 IST">
  <testcase classname="govindqalab.tests.SearchProduct" name="SearchProductCatalouge" time="1.663"/>
  <testcase classname="govindqalab.tests.SearchProduct" name="SearchProductCatalouge" time="1.539"/>
</testsuite> <!-- Search Product from Catalouge Test -->
