<?xml version="1.0" encoding="UTF-8"?>
<!-- Generated by org.testng.reporters.JUnitXMLReporter -->
<testsuite ignored="0" hostname="LAPTOP-A3FPIVKK" failures="0" tests="3" name="Submit Order Test" time="36.719" errors="0" timestamp="2023-08-14T13:50:21 IST">
  <testcase classname="govindqalab.tests.SubmitOrderTest" name="submitOrder" time="8.363"/>
  <testcase classname="govindqalab.tests.SubmitOrderTest" name="submitOrder" time="8.086"/>
  <testcase classname="govindqalab.tests.SubmitOrderTest" name="OrderHistoryTest" time="1.013"/>
</testsuite> <!-- Submit Order Test -->
