<?xml version="1.0" encoding="UTF-8"?>
<!-- Generated by org.testng.reporters.JUnitXMLReporter -->
<testsuite ignored="0" hostname="LAPTOP-A3FPIVKK" failures="0" tests="3" name="Submit Order Test 2 Not Optimized" time="33.144" errors="0" timestamp="2023-08-12T13:20:48 IST">
  <testcase classname="govindqalab.tests.SubmitOrderTest2NotOptimized" name="submitOrder" time="7.049"/>
  <testcase classname="govindqalab.tests.SubmitOrderTest2NotOptimized" name="submitOrder" time="7.061"/>
  <testcase classname="govindqalab.tests.SubmitOrderTest2NotOptimized" name="OrderHistoryTest" time="0.85"/>
</testsuite> <!-- Submit Order Test 2 Not Optimized -->
