<?xml version="1.0" encoding="UTF-8"?>
<!-- Generated by org.testng.reporters.JUnitXMLReporter -->
<testsuite ignored="0" hostname="LAPTOP-A3FPIVKK" failures="0" tests="3" name="Error Validations Test" time="77.661" errors="0" timestamp="2023-06-18T13:19:10 IST">
  <testcase classname="govindqalab.tests.ErrorValidationsTest" name="LoginErrorValidation" time="43.112">
    <skipped/>
  </testcase> <!-- LoginErrorValidation -->
  <testcase classname="govindqalab.tests.ErrorValidationsTest" name="LoginErrorValidation" time="0.45"/>
  <testcase classname="govindqalab.tests.ErrorValidationsTest" name="ProductErrorValidation" time="6.532"/>
</testsuite> <!-- Error Validations Test -->
