<?xml version="1.0" encoding="UTF-8"?>
<testng-results ignored="0" total="5" passed="5" failed="0" skipped="0">
  <reporter-output>
  </reporter-output>
  <suite started-at="2023-08-14T14:44:33 IST" name="Surefire suite" finished-at="2023-08-14T14:45:22 IST" duration-ms="49178">
    <groups>
      <group name="ErrorHandling">
        <method signature="ErrorValidationsTest.LoginErrorValidation()[pri:0, instance:govindqalab.tests.ErrorValidationsTest@dd0c991]" name="LoginErrorValidation" class="govindqalab.tests.ErrorValidationsTest"/>
      </group> <!-- ErrorHandling -->
      <group name="Purchase">
        <method signature="SubmitOrderTest.submitOrder(java.util.HashMap)[pri:0, instance:govindqalab.tests.SubmitOrderTest@36d585c]" name="submitOrder" class="govindqalab.tests.SubmitOrderTest"/>
      </group> <!-- Purchase -->
    </groups>
    <test started-at="2023-08-14T14:44:33 IST" name="Surefire test" finished-at="2023-08-14T14:45:22 IST" duration-ms="49178">
      <class name="govindqalab.tests.SubmitOrderTest">
        <test-method is-config="true" signature="launchApplication()[pri:0, instance:govindqalab.tests.SubmitOrderTest@36d585c]" started-at="2023-08-14T14:44:53 IST" name="launchApplication" finished-at="2023-08-14T14:44:57 IST" duration-ms="3716" status="PASS">
          <reporter-output>
          </reporter-output>
        </test-method> <!-- launchApplication -->
        <test-method signature="submitOrder(java.util.HashMap)[pri:0, instance:govindqalab.tests.SubmitOrderTest@36d585c]" started-at="2023-08-14T14:44:57 IST" name="submitOrder" data-provider="getData" finished-at="2023-08-14T14:45:05 IST" duration-ms="8299" status="PASS">
          <params>
            <param index="0">
              <value>
                <![CDATA[{password=Govind@123, product=zara coat 3, email=govind013@mailinator.com}]]>
              </value>
            </param>
          </params>
          <reporter-output>
          </reporter-output>
        </test-method> <!-- submitOrder -->
        <test-method is-config="true" signature="tearDown()[pri:0, instance:govindqalab.tests.SubmitOrderTest@36d585c]" started-at="2023-08-14T14:45:05 IST" name="tearDown" finished-at="2023-08-14T14:45:05 IST" duration-ms="131" status="PASS">
          <reporter-output>
          </reporter-output>
        </test-method> <!-- tearDown -->
        <test-method is-config="true" signature="launchApplication()[pri:0, instance:govindqalab.tests.SubmitOrderTest@36d585c]" started-at="2023-08-14T14:45:05 IST" name="launchApplication" finished-at="2023-08-14T14:45:09 IST" duration-ms="3850" status="PASS">
          <reporter-output>
          </reporter-output>
        </test-method> <!-- launchApplication -->
        <test-method signature="submitOrder(java.util.HashMap)[pri:0, instance:govindqalab.tests.SubmitOrderTest@36d585c]" started-at="2023-08-14T14:45:09 IST" name="submitOrder" data-provider="getData" finished-at="2023-08-14T14:45:17 IST" duration-ms="8153" status="PASS">
          <params>
            <param index="0">
              <value>
                <![CDATA[{password=Govind@123, product=ADIDAS ORIGINAL, email=sam02@mailinator.com}]]>
              </value>
            </param>
          </params>
          <reporter-output>
          </reporter-output>
        </test-method> <!-- submitOrder -->
        <test-method is-config="true" signature="tearDown()[pri:0, instance:govindqalab.tests.SubmitOrderTest@36d585c]" started-at="2023-08-14T14:45:17 IST" name="tearDown" finished-at="2023-08-14T14:45:17 IST" duration-ms="141" status="PASS">
          <reporter-output>
          </reporter-output>
        </test-method> <!-- tearDown -->
        <test-method is-config="true" signature="launchApplication()[pri:0, instance:govindqalab.tests.SubmitOrderTest@36d585c]" started-at="2023-08-14T14:45:17 IST" name="launchApplication" finished-at="2023-08-14T14:45:21 IST" duration-ms="3725" status="PASS">
          <reporter-output>
          </reporter-output>
        </test-method> <!-- launchApplication -->
        <test-method signature="OrderHistoryTest()[pri:0, instance:govindqalab.tests.SubmitOrderTest@36d585c]" started-at="2023-08-14T14:45:21 IST" name="OrderHistoryTest" finished-at="2023-08-14T14:45:22 IST" depends-on-methods="govindqalab.tests.SubmitOrderTest.submitOrder" duration-ms="1163" status="PASS">
          <reporter-output>
          </reporter-output>
        </test-method> <!-- OrderHistoryTest -->
        <test-method is-config="true" signature="tearDown()[pri:0, instance:govindqalab.tests.SubmitOrderTest@36d585c]" started-at="2023-08-14T14:45:22 IST" name="tearDown" finished-at="2023-08-14T14:45:22 IST" duration-ms="140" status="PASS">
          <reporter-output>
          </reporter-output>
        </test-method> <!-- tearDown -->
      </class> <!-- govindqalab.tests.SubmitOrderTest -->
      <class name="govindqalab.tests.ErrorValidationsTest">
        <test-method is-config="true" signature="launchApplication()[pri:0, instance:govindqalab.tests.ErrorValidationsTest@dd0c991]" started-at="2023-08-14T14:44:33 IST" name="launchApplication" finished-at="2023-08-14T14:44:40 IST" duration-ms="6578" status="PASS">
          <reporter-output>
          </reporter-output>
        </test-method> <!-- launchApplication -->
        <test-method signature="LoginErrorValidation()[pri:0, instance:govindqalab.tests.ErrorValidationsTest@dd0c991]" started-at="2023-08-14T14:44:40 IST" name="LoginErrorValidation" finished-at="2023-08-14T14:44:41 IST" duration-ms="1196" status="PASS">
          <reporter-output>
          </reporter-output>
        </test-method> <!-- LoginErrorValidation -->
        <test-method is-config="true" signature="tearDown()[pri:0, instance:govindqalab.tests.ErrorValidationsTest@dd0c991]" started-at="2023-08-14T14:44:41 IST" name="tearDown" finished-at="2023-08-14T14:44:41 IST" duration-ms="181" status="PASS">
          <reporter-output>
          </reporter-output>
        </test-method> <!-- tearDown -->
        <test-method is-config="true" signature="launchApplication()[pri:0, instance:govindqalab.tests.ErrorValidationsTest@dd0c991]" started-at="2023-08-14T14:44:41 IST" name="launchApplication" finished-at="2023-08-14T14:44:46 IST" duration-ms="5054" status="PASS">
          <reporter-output>
          </reporter-output>
        </test-method> <!-- launchApplication -->
        <test-method signature="ProductErrorValidation()[pri:0, instance:govindqalab.tests.ErrorValidationsTest@dd0c991]" started-at="2023-08-14T14:44:46 IST" name="ProductErrorValidation" finished-at="2023-08-14T14:44:53 IST" duration-ms="6226" status="PASS">
          <reporter-output>
          </reporter-output>
        </test-method> <!-- ProductErrorValidation -->
        <test-method is-config="true" signature="tearDown()[pri:0, instance:govindqalab.tests.ErrorValidationsTest@dd0c991]" started-at="2023-08-14T14:44:53 IST" name="tearDown" finished-at="2023-08-14T14:44:53 IST" duration-ms="130" status="PASS">
          <reporter-output>
          </reporter-output>
        </test-method> <!-- tearDown -->
      </class> <!-- govindqalab.tests.ErrorValidationsTest -->
    </test> <!-- Surefire test -->
  </suite> <!-- Surefire suite -->
</testng-results>
